<?xml version="1.0" encoding="UTF-8"?>
<!-- Generated by org.testng.reporters.JUnitXMLReporter -->
<testsuite hostname="DESKTOP-4II4BMC" ignored="0" name="BankingApp Test" tests="2" failures="0" timestamp="13 Oct 2020 15:07:07 GMT" time="56.421" errors="0">
  <testcase name="loginTest" time="3.748" classname="com.inetbanking.testCases.TC_LoginTest_001"/>
  <testcase name="addNewCustomer" time="23.35" classname="com.inetbanking.testCases.TC_AddCustomerTest_003"/>
</testsuite> <!-- BankingApp Test -->
