<?xml version="1.0" encoding="UTF-8"?>
<!-- Generated by org.testng.reporters.JUnitXMLReporter -->
<testsuite hostname="DESKTOP-4II4BMC" ignored="0" name="BankingApp Test" tests="2" failures="0" timestamp="14 Oct 2020 14:08:41 GMT" time="51.635" errors="0">
  <testcase name="loginTest" time="2.988" classname="com.inetbanking.testCases.TC_LoginTest_001"/>
  <testcase name="addNewCustomer" time="23.861" classname="com.inetbanking.testCases.TC_AddCustomerTest_003"/>
</testsuite> <!-- BankingApp Test -->
